2020-07-23 04:36:57,913 INFO org.apache.hadoop.hdfs.server.namenode.SecondaryNameNode: STARTUP_MSG: 
/************************************************************
STARTUP_MSG: Starting SecondaryNameNode
STARTUP_MSG:   host = hadoop_ETL/172.21.0.2
STARTUP_MSG:   args = []
STARTUP_MSG:   version = 2.7.3
STARTUP_MSG:   classpath = /usr/local/hadoop/etc/hadoop/:/usr/local/hadoop/share/hadoop/common/lib/activation-1.1.jar:/usr/local/hadoop/share/hadoop/common/lib/apacheds-i18n-2.0.0-M15.jar:/usr/local/hadoop/share/hadoop/common/lib/apacheds-kerberos-codec-2.0.0-M15.jar:/usr/local/hadoop/share/hadoop/common/lib/api-asn1-api-1.0.0-M20.jar:/usr/local/hadoop/share/hadoop/common/lib/api-util-1.0.0-M20.jar:/usr/local/hadoop/share/hadoop/common/lib/asm-3.2.jar:/usr/local/hadoop/share/hadoop/common/lib/avro-1.7.4.jar:/usr/local/hadoop/share/hadoop/common/lib/commons-beanutils-1.7.0.jar:/usr/local/hadoop/share/hadoop/common/lib/commons-beanutils-core-1.8.0.jar:/usr/local/hadoop/share/hadoop/common/lib/commons-cli-1.2.jar:/usr/local/hadoop/share/hadoop/common/lib/commons-codec-1.4.jar:/usr/local/hadoop/share/hadoop/common/lib/commons-collections-3.2.2.jar:/usr/local/hadoop/share/hadoop/common/lib/commons-compress-1.4.1.jar:/usr/local/hadoop/share/hadoop/common/lib/commons-configuration-1.6.jar:/usr/local/hadoop/share/hadoop/common/lib/commons-digester-1.8.jar:/usr/local/hadoop/share/hadoop/common/lib/commons-httpclient-3.1.jar:/usr/local/hadoop/share/hadoop/common/lib/commons-io-2.4.jar:/usr/local/hadoop/share/hadoop/common/lib/commons-lang-2.6.jar:/usr/local/hadoop/share/hadoop/common/lib/commons-logging-1.1.3.jar:/usr/local/hadoop/share/hadoop/common/lib/commons-math3-3.1.1.jar:/usr/local/hadoop/share/hadoop/common/lib/commons-net-3.1.jar:/usr/local/hadoop/share/hadoop/common/lib/curator-client-2.7.1.jar:/usr/local/hadoop/share/hadoop/common/lib/curator-framework-2.7.1.jar:/usr/local/hadoop/share/hadoop/common/lib/curator-recipes-2.7.1.jar:/usr/local/hadoop/share/hadoop/common/lib/gson-2.2.4.jar:/usr/local/hadoop/share/hadoop/common/lib/guava-11.0.2.jar:/usr/local/hadoop/share/hadoop/common/lib/hadoop-annotations-2.7.3.jar:/usr/local/hadoop/share/hadoop/common/lib/hadoop-auth-2.7.3.jar:/usr/local/hadoop/share/hadoop/common/lib/hamcrest-core-1.3.jar:/usr/local/hadoop/share/hadoop/common/lib/htrace-core-3.1.0-incubating.jar:/usr/local/hadoop/share/hadoop/common/lib/httpclient-4.2.5.jar:/usr/local/hadoop/share/hadoop/common/lib/httpcore-4.2.5.jar:/usr/local/hadoop/share/hadoop/common/lib/jackson-core-asl-1.9.13.jar:/usr/local/hadoop/share/hadoop/common/lib/jackson-jaxrs-1.9.13.jar:/usr/local/hadoop/share/hadoop/common/lib/jackson-mapper-asl-1.9.13.jar:/usr/local/hadoop/share/hadoop/common/lib/jackson-xc-1.9.13.jar:/usr/local/hadoop/share/hadoop/common/lib/java-xmlbuilder-0.4.jar:/usr/local/hadoop/share/hadoop/common/lib/jaxb-api-2.2.2.jar:/usr/local/hadoop/share/hadoop/common/lib/jaxb-impl-2.2.3-1.jar:/usr/local/hadoop/share/hadoop/common/lib/jersey-core-1.9.jar:/usr/local/hadoop/share/hadoop/common/lib/jersey-json-1.9.jar:/usr/local/hadoop/share/hadoop/common/lib/jersey-server-1.9.jar:/usr/local/hadoop/share/hadoop/common/lib/jets3t-0.9.0.jar:/usr/local/hadoop/share/hadoop/common/lib/jettison-1.1.jar:/usr/local/hadoop/share/hadoop/common/lib/jetty-6.1.26.jar:/usr/local/hadoop/share/hadoop/common/lib/jetty-util-6.1.26.jar:/usr/local/hadoop/share/hadoop/common/lib/jsch-0.1.42.jar:/usr/local/hadoop/share/hadoop/common/lib/jsp-api-2.1.jar:/usr/local/hadoop/share/hadoop/common/lib/jsr305-3.0.0.jar:/usr/local/hadoop/share/hadoop/common/lib/junit-4.11.jar:/usr/local/hadoop/share/hadoop/common/lib/log4j-1.2.17.jar:/usr/local/hadoop/share/hadoop/common/lib/mockito-all-1.8.5.jar:/usr/local/hadoop/share/hadoop/common/lib/netty-3.6.2.Final.jar:/usr/local/hadoop/share/hadoop/common/lib/paranamer-2.3.jar:/usr/local/hadoop/share/hadoop/common/lib/protobuf-java-2.5.0.jar:/usr/local/hadoop/share/hadoop/common/lib/servlet-api-2.5.jar:/usr/local/hadoop/share/hadoop/common/lib/slf4j-api-1.7.10.jar:/usr/local/hadoop/share/hadoop/common/lib/slf4j-log4j12-1.7.10.jar:/usr/local/hadoop/share/hadoop/common/lib/snappy-java-1.0.4.1.jar:/usr/local/hadoop/share/hadoop/common/lib/stax-api-1.0-2.jar:/usr/local/hadoop/share/hadoop/common/lib/xmlenc-0.52.jar:/usr/local/hadoop/share/hadoop/common/lib/xz-1.0.jar:/usr/local/hadoop/share/hadoop/common/lib/zookeeper-3.4.6.jar:/usr/local/hadoop/share/hadoop/common/hadoop-common-2.7.3-tests.jar:/usr/local/hadoop/share/hadoop/common/hadoop-common-2.7.3.jar:/usr/local/hadoop/share/hadoop/common/hadoop-nfs-2.7.3.jar:/usr/local/hadoop/share/hadoop/hdfs:/usr/local/hadoop/share/hadoop/hdfs/lib/asm-3.2.jar:/usr/local/hadoop/share/hadoop/hdfs/lib/commons-cli-1.2.jar:/usr/local/hadoop/share/hadoop/hdfs/lib/commons-codec-1.4.jar:/usr/local/hadoop/share/hadoop/hdfs/lib/commons-daemon-1.0.13.jar:/usr/local/hadoop/share/hadoop/hdfs/lib/commons-io-2.4.jar:/usr/local/hadoop/share/hadoop/hdfs/lib/commons-lang-2.6.jar:/usr/local/hadoop/share/hadoop/hdfs/lib/commons-logging-1.1.3.jar:/usr/local/hadoop/share/hadoop/hdfs/lib/guava-11.0.2.jar:/usr/local/hadoop/share/hadoop/hdfs/lib/htrace-core-3.1.0-incubating.jar:/usr/local/hadoop/share/hadoop/hdfs/lib/jackson-core-asl-1.9.13.jar:/usr/local/hadoop/share/hadoop/hdfs/lib/jackson-mapper-asl-1.9.13.jar:/usr/local/hadoop/share/hadoop/hdfs/lib/jersey-core-1.9.jar:/usr/local/hadoop/share/hadoop/hdfs/lib/jersey-server-1.9.jar:/usr/local/hadoop/share/hadoop/hdfs/lib/jetty-6.1.26.jar:/usr/local/hadoop/share/hadoop/hdfs/lib/jetty-util-6.1.26.jar:/usr/local/hadoop/share/hadoop/hdfs/lib/jsr305-3.0.0.jar:/usr/local/hadoop/share/hadoop/hdfs/lib/leveldbjni-all-1.8.jar:/usr/local/hadoop/share/hadoop/hdfs/lib/log4j-1.2.17.jar:/usr/local/hadoop/share/hadoop/hdfs/lib/netty-3.6.2.Final.jar:/usr/local/hadoop/share/hadoop/hdfs/lib/netty-all-4.0.23.Final.jar:/usr/local/hadoop/share/hadoop/hdfs/lib/protobuf-java-2.5.0.jar:/usr/local/hadoop/share/hadoop/hdfs/lib/servlet-api-2.5.jar:/usr/local/hadoop/share/hadoop/hdfs/lib/xercesImpl-2.9.1.jar:/usr/local/hadoop/share/hadoop/hdfs/lib/xml-apis-1.3.04.jar:/usr/local/hadoop/share/hadoop/hdfs/lib/xmlenc-0.52.jar:/usr/local/hadoop/share/hadoop/hdfs/hadoop-hdfs-2.7.3-tests.jar:/usr/local/hadoop/share/hadoop/hdfs/hadoop-hdfs-2.7.3.jar:/usr/local/hadoop/share/hadoop/hdfs/hadoop-hdfs-nfs-2.7.3.jar:/usr/local/hadoop/share/hadoop/yarn/lib/activation-1.1.jar:/usr/local/hadoop/share/hadoop/yarn/lib/aopalliance-1.0.jar:/usr/local/hadoop/share/hadoop/yarn/lib/asm-3.2.jar:/usr/local/hadoop/share/hadoop/yarn/lib/commons-cli-1.2.jar:/usr/local/hadoop/share/hadoop/yarn/lib/commons-codec-1.4.jar:/usr/local/hadoop/share/hadoop/yarn/lib/commons-collections-3.2.2.jar:/usr/local/hadoop/share/hadoop/yarn/lib/commons-compress-1.4.1.jar:/usr/local/hadoop/share/hadoop/yarn/lib/commons-io-2.4.jar:/usr/local/hadoop/share/hadoop/yarn/lib/commons-lang-2.6.jar:/usr/local/hadoop/share/hadoop/yarn/lib/commons-logging-1.1.3.jar:/usr/local/hadoop/share/hadoop/yarn/lib/guava-11.0.2.jar:/usr/local/hadoop/share/hadoop/yarn/lib/guice-3.0.jar:/usr/local/hadoop/share/hadoop/yarn/lib/guice-servlet-3.0.jar:/usr/local/hadoop/share/hadoop/yarn/lib/jackson-core-asl-1.9.13.jar:/usr/local/hadoop/share/hadoop/yarn/lib/jackson-jaxrs-1.9.13.jar:/usr/local/hadoop/share/hadoop/yarn/lib/jackson-mapper-asl-1.9.13.jar:/usr/local/hadoop/share/hadoop/yarn/lib/jackson-xc-1.9.13.jar:/usr/local/hadoop/share/hadoop/yarn/lib/javax.inject-1.jar:/usr/local/hadoop/share/hadoop/yarn/lib/jaxb-api-2.2.2.jar:/usr/local/hadoop/share/hadoop/yarn/lib/jaxb-impl-2.2.3-1.jar:/usr/local/hadoop/share/hadoop/yarn/lib/jersey-client-1.9.jar:/usr/local/hadoop/share/hadoop/yarn/lib/jersey-core-1.9.jar:/usr/local/hadoop/share/hadoop/yarn/lib/jersey-guice-1.9.jar:/usr/local/hadoop/share/hadoop/yarn/lib/jersey-json-1.9.jar:/usr/local/hadoop/share/hadoop/yarn/lib/jersey-server-1.9.jar:/usr/local/hadoop/share/hadoop/yarn/lib/jettison-1.1.jar:/usr/local/hadoop/share/hadoop/yarn/lib/jetty-6.1.26.jar:/usr/local/hadoop/share/hadoop/yarn/lib/jetty-util-6.1.26.jar:/usr/local/hadoop/share/hadoop/yarn/lib/jsr305-3.0.0.jar:/usr/local/hadoop/share/hadoop/yarn/lib/leveldbjni-all-1.8.jar:/usr/local/hadoop/share/hadoop/yarn/lib/log4j-1.2.17.jar:/usr/local/hadoop/share/hadoop/yarn/lib/netty-3.6.2.Final.jar:/usr/local/hadoop/share/hadoop/yarn/lib/protobuf-java-2.5.0.jar:/usr/local/hadoop/share/hadoop/yarn/lib/servlet-api-2.5.jar:/usr/local/hadoop/share/hadoop/yarn/lib/stax-api-1.0-2.jar:/usr/local/hadoop/share/hadoop/yarn/lib/xz-1.0.jar:/usr/local/hadoop/share/hadoop/yarn/lib/zookeeper-3.4.6-tests.jar:/usr/local/hadoop/share/hadoop/yarn/lib/zookeeper-3.4.6.jar:/usr/local/hadoop/share/hadoop/yarn/hadoop-yarn-api-2.7.3.jar:/usr/local/hadoop/share/hadoop/yarn/hadoop-yarn-applications-distributedshell-2.7.3.jar:/usr/local/hadoop/share/hadoop/yarn/hadoop-yarn-applications-unmanaged-am-launcher-2.7.3.jar:/usr/local/hadoop/share/hadoop/yarn/hadoop-yarn-client-2.7.3.jar:/usr/local/hadoop/share/hadoop/yarn/hadoop-yarn-common-2.7.3.jar:/usr/local/hadoop/share/hadoop/yarn/hadoop-yarn-registry-2.7.3.jar:/usr/local/hadoop/share/hadoop/yarn/hadoop-yarn-server-applicationhistoryservice-2.7.3.jar:/usr/local/hadoop/share/hadoop/yarn/hadoop-yarn-server-common-2.7.3.jar:/usr/local/hadoop/share/hadoop/yarn/hadoop-yarn-server-nodemanager-2.7.3.jar:/usr/local/hadoop/share/hadoop/yarn/hadoop-yarn-server-resourcemanager-2.7.3.jar:/usr/local/hadoop/share/hadoop/yarn/hadoop-yarn-server-sharedcachemanager-2.7.3.jar:/usr/local/hadoop/share/hadoop/yarn/hadoop-yarn-server-tests-2.7.3.jar:/usr/local/hadoop/share/hadoop/yarn/hadoop-yarn-server-web-proxy-2.7.3.jar:/usr/local/hadoop/share/hadoop/mapreduce/lib/aopalliance-1.0.jar:/usr/local/hadoop/share/hadoop/mapreduce/lib/asm-3.2.jar:/usr/local/hadoop/share/hadoop/mapreduce/lib/avro-1.7.4.jar:/usr/local/hadoop/share/hadoop/mapreduce/lib/commons-compress-1.4.1.jar:/usr/local/hadoop/share/hadoop/mapreduce/lib/commons-io-2.4.jar:/usr/local/hadoop/share/hadoop/mapreduce/lib/guice-3.0.jar:/usr/local/hadoop/share/hadoop/mapreduce/lib/guice-servlet-3.0.jar:/usr/local/hadoop/share/hadoop/mapreduce/lib/hadoop-annotations-2.7.3.jar:/usr/local/hadoop/share/hadoop/mapreduce/lib/hamcrest-core-1.3.jar:/usr/local/hadoop/share/hadoop/mapreduce/lib/jackson-core-asl-1.9.13.jar:/usr/local/hadoop/share/hadoop/mapreduce/lib/jackson-mapper-asl-1.9.13.jar:/usr/local/hadoop/share/hadoop/mapreduce/lib/javax.inject-1.jar:/usr/local/hadoop/share/hadoop/mapreduce/lib/jersey-core-1.9.jar:/usr/local/hadoop/share/hadoop/mapreduce/lib/jersey-guice-1.9.jar:/usr/local/hadoop/share/hadoop/mapreduce/lib/jersey-server-1.9.jar:/usr/local/hadoop/share/hadoop/mapreduce/lib/junit-4.11.jar:/usr/local/hadoop/share/hadoop/mapreduce/lib/leveldbjni-all-1.8.jar:/usr/local/hadoop/share/hadoop/mapreduce/lib/log4j-1.2.17.jar:/usr/local/hadoop/share/hadoop/mapreduce/lib/netty-3.6.2.Final.jar:/usr/local/hadoop/share/hadoop/mapreduce/lib/paranamer-2.3.jar:/usr/local/hadoop/share/hadoop/mapreduce/lib/protobuf-java-2.5.0.jar:/usr/local/hadoop/share/hadoop/mapreduce/lib/snappy-java-1.0.4.1.jar:/usr/local/hadoop/share/hadoop/mapreduce/lib/xz-1.0.jar:/usr/local/hadoop/share/hadoop/mapreduce/hadoop-mapreduce-client-app-2.7.3.jar:/usr/local/hadoop/share/hadoop/mapreduce/hadoop-mapreduce-client-common-2.7.3.jar:/usr/local/hadoop/share/hadoop/mapreduce/hadoop-mapreduce-client-core-2.7.3.jar:/usr/local/hadoop/share/hadoop/mapreduce/hadoop-mapreduce-client-hs-2.7.3.jar:/usr/local/hadoop/share/hadoop/mapreduce/hadoop-mapreduce-client-hs-plugins-2.7.3.jar:/usr/local/hadoop/share/hadoop/mapreduce/hadoop-mapreduce-client-jobclient-2.7.3-tests.jar:/usr/local/hadoop/share/hadoop/mapreduce/hadoop-mapreduce-client-jobclient-2.7.3.jar:/usr/local/hadoop/share/hadoop/mapreduce/hadoop-mapreduce-client-shuffle-2.7.3.jar:/usr/local/hadoop/share/hadoop/mapreduce/hadoop-mapreduce-examples-2.7.3.jar:/usr/local/hadoop/contrib/capacity-scheduler/*.jar:/usr/local/hadoop/contrib/capacity-scheduler/*.jar:/usr/local/hadoop/contrib/capacity-scheduler/*.jar
STARTUP_MSG:   build = https://git-wip-us.apache.org/repos/asf/hadoop.git -r baa91f7c6bc9cb92be5982de4719c1c8af91ccff; compiled by 'root' on 2016-08-18T01:41Z
STARTUP_MSG:   java = 1.8.0_151
************************************************************/
2020-07-23 04:36:57,934 INFO org.apache.hadoop.hdfs.server.namenode.SecondaryNameNode: registered UNIX signal handlers for [TERM, HUP, INT]
2020-07-23 04:36:58,696 INFO org.apache.hadoop.metrics2.impl.MetricsConfig: loaded properties from hadoop-metrics2.properties
2020-07-23 04:36:58,793 INFO org.apache.hadoop.metrics2.impl.MetricsSystemImpl: Scheduled snapshot period at 10 second(s).
2020-07-23 04:36:58,794 INFO org.apache.hadoop.metrics2.impl.MetricsSystemImpl: SecondaryNameNode metrics system started
2020-07-23 04:36:59,124 INFO org.apache.hadoop.hdfs.server.common.Storage: Lock on /tmp/hadoop-root/dfs/namesecondary/in_use.lock acquired by nodename 493@hadoop_ETL
2020-07-23 04:36:59,126 INFO org.apache.hadoop.hdfs.server.namenode.FSNamesystem: No KeyProvider found.
2020-07-23 04:36:59,126 INFO org.apache.hadoop.hdfs.server.namenode.FSNamesystem: fsLock is fair:true
2020-07-23 04:36:59,179 INFO org.apache.hadoop.hdfs.server.blockmanagement.DatanodeManager: dfs.block.invalidate.limit=1000
2020-07-23 04:36:59,179 INFO org.apache.hadoop.hdfs.server.blockmanagement.DatanodeManager: dfs.namenode.datanode.registration.ip-hostname-check=true
2020-07-23 04:36:59,181 INFO org.apache.hadoop.hdfs.server.blockmanagement.BlockManager: dfs.namenode.startup.delay.block.deletion.sec is set to 000:00:00:00.000
2020-07-23 04:36:59,182 INFO org.apache.hadoop.hdfs.server.blockmanagement.BlockManager: The block deletion will start around 2020 Jul 23 04:36:59
2020-07-23 04:36:59,184 INFO org.apache.hadoop.util.GSet: Computing capacity for map BlocksMap
2020-07-23 04:36:59,184 INFO org.apache.hadoop.util.GSet: VM type       = 64-bit
2020-07-23 04:36:59,185 INFO org.apache.hadoop.util.GSet: 2.0% max memory 966.7 MB = 19.3 MB
2020-07-23 04:36:59,185 INFO org.apache.hadoop.util.GSet: capacity      = 2^21 = 2097152 entries
2020-07-23 04:36:59,206 INFO org.apache.hadoop.hdfs.server.blockmanagement.BlockManager: dfs.block.access.token.enable=false
2020-07-23 04:36:59,206 INFO org.apache.hadoop.hdfs.server.blockmanagement.BlockManager: defaultReplication         = 1
2020-07-23 04:36:59,206 INFO org.apache.hadoop.hdfs.server.blockmanagement.BlockManager: maxReplication             = 512
2020-07-23 04:36:59,206 INFO org.apache.hadoop.hdfs.server.blockmanagement.BlockManager: minReplication             = 1
2020-07-23 04:36:59,206 INFO org.apache.hadoop.hdfs.server.blockmanagement.BlockManager: maxReplicationStreams      = 2
2020-07-23 04:36:59,206 INFO org.apache.hadoop.hdfs.server.blockmanagement.BlockManager: replicationRecheckInterval = 3000
2020-07-23 04:36:59,206 INFO org.apache.hadoop.hdfs.server.blockmanagement.BlockManager: encryptDataTransfer        = false
2020-07-23 04:36:59,206 INFO org.apache.hadoop.hdfs.server.blockmanagement.BlockManager: maxNumBlocksToLog          = 1000
2020-07-23 04:36:59,215 INFO org.apache.hadoop.hdfs.server.namenode.FSNamesystem: fsOwner             = root (auth:SIMPLE)
2020-07-23 04:36:59,215 INFO org.apache.hadoop.hdfs.server.namenode.FSNamesystem: supergroup          = supergroup
2020-07-23 04:36:59,215 INFO org.apache.hadoop.hdfs.server.namenode.FSNamesystem: isPermissionEnabled = false
2020-07-23 04:36:59,215 INFO org.apache.hadoop.hdfs.server.namenode.FSNamesystem: HA Enabled: false
2020-07-23 04:36:59,218 INFO org.apache.hadoop.hdfs.server.namenode.FSNamesystem: Append Enabled: true
2020-07-23 04:36:59,306 INFO org.apache.hadoop.util.GSet: Computing capacity for map INodeMap
2020-07-23 04:36:59,306 INFO org.apache.hadoop.util.GSet: VM type       = 64-bit
2020-07-23 04:36:59,306 INFO org.apache.hadoop.util.GSet: 1.0% max memory 966.7 MB = 9.7 MB
2020-07-23 04:36:59,307 INFO org.apache.hadoop.util.GSet: capacity      = 2^20 = 1048576 entries
2020-07-23 04:36:59,307 INFO org.apache.hadoop.hdfs.server.namenode.FSDirectory: ACLs enabled? false
2020-07-23 04:36:59,307 INFO org.apache.hadoop.hdfs.server.namenode.FSDirectory: XAttrs enabled? true
2020-07-23 04:36:59,307 INFO org.apache.hadoop.hdfs.server.namenode.FSDirectory: Maximum size of an xattr: 16384
2020-07-23 04:36:59,307 INFO org.apache.hadoop.hdfs.server.namenode.NameNode: Caching file names occuring more than 10 times
2020-07-23 04:36:59,312 INFO org.apache.hadoop.util.GSet: Computing capacity for map cachedBlocks
2020-07-23 04:36:59,312 INFO org.apache.hadoop.util.GSet: VM type       = 64-bit
2020-07-23 04:36:59,312 INFO org.apache.hadoop.util.GSet: 0.25% max memory 966.7 MB = 2.4 MB
2020-07-23 04:36:59,312 INFO org.apache.hadoop.util.GSet: capacity      = 2^18 = 262144 entries
2020-07-23 04:36:59,314 INFO org.apache.hadoop.hdfs.server.namenode.FSNamesystem: dfs.namenode.safemode.threshold-pct = 0.9990000128746033
2020-07-23 04:36:59,314 INFO org.apache.hadoop.hdfs.server.namenode.FSNamesystem: dfs.namenode.safemode.min.datanodes = 0
2020-07-23 04:36:59,314 INFO org.apache.hadoop.hdfs.server.namenode.FSNamesystem: dfs.namenode.safemode.extension     = 30000
2020-07-23 04:36:59,316 INFO org.apache.hadoop.hdfs.server.namenode.top.metrics.TopMetrics: NNTop conf: dfs.namenode.top.window.num.buckets = 10
2020-07-23 04:36:59,316 INFO org.apache.hadoop.hdfs.server.namenode.top.metrics.TopMetrics: NNTop conf: dfs.namenode.top.num.users = 10
2020-07-23 04:36:59,316 INFO org.apache.hadoop.hdfs.server.namenode.top.metrics.TopMetrics: NNTop conf: dfs.namenode.top.windows.minutes = 1,5,25
2020-07-23 04:36:59,323 INFO org.apache.hadoop.hdfs.DFSUtil: Starting Web-server for secondary at: http://master:50090
2020-07-23 04:36:59,417 INFO org.mortbay.log: Logging to org.slf4j.impl.Log4jLoggerAdapter(org.mortbay.log) via org.mortbay.log.Slf4jLog
2020-07-23 04:36:59,430 INFO org.apache.hadoop.security.authentication.server.AuthenticationFilter: Unable to initialize FileSignerSecretProvider, falling back to use random secrets.
2020-07-23 04:36:59,439 INFO org.apache.hadoop.http.HttpRequestLog: Http request log for http.requests.secondary is not defined
2020-07-23 04:36:59,449 INFO org.apache.hadoop.http.HttpServer2: Added global filter 'safety' (class=org.apache.hadoop.http.HttpServer2$QuotingInputFilter)
2020-07-23 04:36:59,451 INFO org.apache.hadoop.http.HttpServer2: Added filter static_user_filter (class=org.apache.hadoop.http.lib.StaticUserWebFilter$StaticUserFilter) to context secondary
2020-07-23 04:36:59,451 INFO org.apache.hadoop.http.HttpServer2: Added filter static_user_filter (class=org.apache.hadoop.http.lib.StaticUserWebFilter$StaticUserFilter) to context logs
2020-07-23 04:36:59,451 INFO org.apache.hadoop.http.HttpServer2: Added filter static_user_filter (class=org.apache.hadoop.http.lib.StaticUserWebFilter$StaticUserFilter) to context static
2020-07-23 04:36:59,475 INFO org.apache.hadoop.http.HttpServer2: Jetty bound to port 50090
2020-07-23 04:36:59,475 INFO org.mortbay.log: jetty-6.1.26
2020-07-23 04:36:59,670 INFO org.mortbay.log: Started HttpServer2$SelectChannelConnectorWithSafeStartup@master:50090
2020-07-23 04:36:59,670 INFO org.apache.hadoop.hdfs.server.namenode.SecondaryNameNode: Web server init done
2020-07-23 04:36:59,670 INFO org.apache.hadoop.hdfs.server.namenode.SecondaryNameNode: Checkpoint Period   :3600 secs (60 min)
2020-07-23 04:36:59,670 INFO org.apache.hadoop.hdfs.server.namenode.SecondaryNameNode: Log Size Trigger    :1000000 txns
2020-07-23 04:38:00,264 INFO org.apache.hadoop.hdfs.server.namenode.SecondaryNameNode: Image has changed. Downloading updated image from NN.
2020-07-23 04:38:00,549 INFO org.apache.hadoop.hdfs.server.namenode.TransferFsImage: Opening connection to http://master:50070/imagetransfer?getimage=1&txid=0&storageInfo=-63:440855555:0:CID-96a0a9ff-12ca-4d46-a084-4bfb143c042f
2020-07-23 04:38:00,604 INFO org.apache.hadoop.hdfs.server.namenode.TransferFsImage: Image Transfer timeout configured to 60000 milliseconds
2020-07-23 04:38:01,258 INFO org.apache.hadoop.hdfs.server.namenode.TransferFsImage: Transfer took 0.31s at 0.00 KB/s
2020-07-23 04:38:01,259 INFO org.apache.hadoop.hdfs.server.namenode.TransferFsImage: Downloaded file fsimage.ckpt_0000000000000000000 size 351 bytes.
2020-07-23 04:38:01,446 INFO org.apache.hadoop.hdfs.server.namenode.TransferFsImage: Opening connection to http://master:50070/imagetransfer?getedit=1&startTxId=1&endTxId=41&storageInfo=-63:440855555:0:CID-96a0a9ff-12ca-4d46-a084-4bfb143c042f
2020-07-23 04:38:01,785 INFO org.apache.hadoop.hdfs.server.namenode.TransferFsImage: Transfer took 0.33s at 11.98 KB/s
2020-07-23 04:38:01,785 INFO org.apache.hadoop.hdfs.server.namenode.TransferFsImage: Downloaded file edits_tmp_0000000000000000001-0000000000000000041_0000000000013901590 size 0 bytes.
2020-07-23 04:38:01,826 INFO org.apache.hadoop.hdfs.server.namenode.FSImageFormatPBINode: Loading 1 INodes.
2020-07-23 04:38:01,844 INFO org.apache.hadoop.hdfs.server.namenode.FSImageFormatProtobuf: Loaded FSImage in 0 seconds.
2020-07-23 04:38:01,844 INFO org.apache.hadoop.hdfs.server.namenode.FSImage: Loaded image for txid 0 from /tmp/hadoop-root/dfs/namesecondary/current/fsimage_0000000000000000000
2020-07-23 04:38:01,844 INFO org.apache.hadoop.hdfs.server.namenode.NameCache: initialized with 0 entries 0 lookups
2020-07-23 04:38:01,849 INFO org.apache.hadoop.hdfs.server.namenode.Checkpointer: Checkpointer about to load edits from 1 stream(s).
2020-07-23 04:38:01,853 INFO org.apache.hadoop.hdfs.server.namenode.FSImage: Reading /tmp/hadoop-root/dfs/namesecondary/current/edits_0000000000000000001-0000000000000000041 expecting start txid #1
2020-07-23 04:38:01,853 INFO org.apache.hadoop.hdfs.server.namenode.FSImage: Start loading edits file /tmp/hadoop-root/dfs/namesecondary/current/edits_0000000000000000001-0000000000000000041
2020-07-23 04:38:01,898 INFO org.apache.hadoop.hdfs.server.namenode.FSImage: Edits file /tmp/hadoop-root/dfs/namesecondary/current/edits_0000000000000000001-0000000000000000041 of size 5055 edits # 41 loaded in 0 seconds
2020-07-23 04:38:01,907 INFO org.apache.hadoop.hdfs.server.namenode.FSImageFormatProtobuf: Saving image file /tmp/hadoop-root/dfs/namesecondary/current/fsimage.ckpt_0000000000000000041 using no compression
2020-07-23 04:38:01,948 INFO org.apache.hadoop.hdfs.server.namenode.FSImageFormatProtobuf: Image file /tmp/hadoop-root/dfs/namesecondary/current/fsimage.ckpt_0000000000000000041 of size 1369 bytes saved in 0 seconds.
2020-07-23 04:38:02,248 INFO org.apache.hadoop.hdfs.server.namenode.FSImageTransactionalStorageInspector: No version file in /tmp/hadoop-root/dfs/namesecondary
2020-07-23 04:38:02,668 INFO org.apache.hadoop.hdfs.server.namenode.TransferFsImage: Uploaded image with txid 41 to namenode at http://master:50070 in 0.249 seconds
2020-07-23 04:38:02,668 WARN org.apache.hadoop.hdfs.server.namenode.SecondaryNameNode: Checkpoint done. New Image Size: 1369
