2020-07-23 04:36:45,540 - INFO  [main:QuorumPeerConfig@103] - Reading configuration from: /etc/zookeeper/conf/zoo.cfg
2020-07-23 04:36:45,557 - INFO  [main:QuorumPeer$QuorumServer@149] - Resolved hostname: master to address: master/0.0.0.0
2020-07-23 04:36:46,648 - WARN  [main:QuorumPeer$QuorumServer@155] - Failed to resolve address: hive
java.net.UnknownHostException: hive: Name or service not known
	at java.net.Inet4AddressImpl.lookupAllHostAddr(Native Method)
	at java.net.InetAddress$2.lookupAllHostAddr(InetAddress.java:928)
	at java.net.InetAddress.getAddressesFromNameService(InetAddress.java:1323)
	at java.net.InetAddress.getAllByName0(InetAddress.java:1276)
	at java.net.InetAddress.getAllByName(InetAddress.java:1192)
	at java.net.InetAddress.getAllByName(InetAddress.java:1126)
	at java.net.InetAddress.getByName(InetAddress.java:1076)
	at org.apache.zookeeper.server.quorum.QuorumPeer$QuorumServer.recreateSocketAddresses(QuorumPeer.java:148)
	at org.apache.zookeeper.server.quorum.QuorumPeer$QuorumServer.<init>(QuorumPeer.java:133)
	at org.apache.zookeeper.server.quorum.QuorumPeerConfig.parseProperties(QuorumPeerConfig.java:207)
	at org.apache.zookeeper.server.quorum.QuorumPeerConfig.parse(QuorumPeerConfig.java:119)
	at org.apache.zookeeper.server.quorum.QuorumPeerMain.initializeAndRun(QuorumPeerMain.java:101)
	at org.apache.zookeeper.server.quorum.QuorumPeerMain.main(QuorumPeerMain.java:78)
2020-07-23 04:36:46,665 - WARN  [main:QuorumPeerConfig@284] - No server failure will be tolerated. You need at least 3 servers.
2020-07-23 04:36:46,665 - INFO  [main:QuorumPeerConfig@331] - Defaulting to majority quorums
2020-07-23 04:36:46,665 - ERROR [main:QuorumPeerMain@85] - Invalid config, exiting abnormally
org.apache.zookeeper.server.quorum.QuorumPeerConfig$ConfigException: Error processing /etc/zookeeper/conf/zoo.cfg
	at org.apache.zookeeper.server.quorum.QuorumPeerConfig.parse(QuorumPeerConfig.java:123)
	at org.apache.zookeeper.server.quorum.QuorumPeerMain.initializeAndRun(QuorumPeerMain.java:101)
	at org.apache.zookeeper.server.quorum.QuorumPeerMain.main(QuorumPeerMain.java:78)
Caused by: java.lang.IllegalArgumentException: /usr/local/zookeeper/myid file is missing
	at org.apache.zookeeper.server.quorum.QuorumPeerConfig.parseProperties(QuorumPeerConfig.java:341)
	at org.apache.zookeeper.server.quorum.QuorumPeerConfig.parse(QuorumPeerConfig.java:119)
	... 2 more
